2025-12-24 01:10:18.403 [main] INFO  com.aston.Main - Запуск сервиса контроля пользователей приложения
2025-12-24 01:10:22.883 [main] INFO  org.hibernate.Version - HHH000412: Hibernate ORM core version 5.6.15.Final
2025-12-24 01:10:23.119 [main] INFO  org.hibernate.annotations.common.Version - HCANN000001: Hibernate Commons Annotations {5.1.2.Final}
2025-12-24 01:10:23.197 [main] WARN  org.hibernate.orm.connections.pooling - HHH10001002: Using Hibernate built-in connection pool (not for production use!)
2025-12-24 01:10:23.200 [main] INFO  org.hibernate.orm.connections.pooling - HHH10001005: using driver [org.postgresql.Driver] at URL [jdbc:postgresql://localhost:5432/projectdb]
2025-12-24 01:10:23.200 [main] INFO  org.hibernate.orm.connections.pooling - HHH10001001: Connection properties: {password=****, autocommit=false, user=postgres}
2025-12-24 01:10:23.201 [main] INFO  org.hibernate.orm.connections.pooling - HHH10001003: Autocommit mode: false
2025-12-24 01:10:23.202 [main] INFO  org.hibernate.engine.jdbc.connections.internal.DriverManagerConnectionProviderImpl - HHH000115: Hibernate connection pool size: 10 (min=1)
2025-12-24 01:10:23.326 [main] INFO  org.hibernate.dialect.Dialect - HHH000400: Using dialect: org.hibernate.dialect.PostgreSQL10Dialect
2025-12-24 01:10:23.678 [main] INFO  org.hibernate.orm.connections.access - HHH10001501: Connection obtained from JdbcConnectionAccess [org.hibernate.engine.jdbc.env.internal.JdbcEnvironmentInitiator$ConnectionProviderJdbcConnectionAccess@4a8ffd75] for (non-JTA) DDL execution was not in auto-commit mode; the Connection 'local transaction' will be committed and the Connection will be set into auto-commit mode.
2025-12-24 01:10:23.695 [main] INFO  org.hibernate.engine.transaction.jta.platform.internal.JtaPlatformInitiator - HHH000490: Using JtaPlatform implementation: [org.hibernate.engine.transaction.jta.platform.internal.NoJtaPlatform]
2025-12-24 01:10:23.787 [main] INFO  com.aston.Main - ID: 1 | Имя: Станислав | Email: encoregranted@gmail.com | Возраст: 29
2025-12-24 01:10:56.246 [main] INFO  com.aston.Main - Запуск сервиса контроля пользователей приложения
2025-12-24 01:10:59.490 [main] INFO  org.hibernate.Version - HHH000412: Hibernate ORM core version 5.6.15.Final
2025-12-24 01:10:59.726 [main] INFO  org.hibernate.annotations.common.Version - HCANN000001: Hibernate Commons Annotations {5.1.2.Final}
2025-12-24 01:10:59.807 [main] WARN  org.hibernate.orm.connections.pooling - HHH10001002: Using Hibernate built-in connection pool (not for production use!)
2025-12-24 01:10:59.809 [main] INFO  org.hibernate.orm.connections.pooling - HHH10001005: using driver [org.postgresql.Driver] at URL [jdbc:postgresql://localhost:5432/projectdb]
2025-12-24 01:10:59.809 [main] INFO  org.hibernate.orm.connections.pooling - HHH10001001: Connection properties: {password=****, autocommit=false, user=postgres}
2025-12-24 01:10:59.809 [main] INFO  org.hibernate.orm.connections.pooling - HHH10001003: Autocommit mode: false
2025-12-24 01:10:59.811 [main] INFO  org.hibernate.engine.jdbc.connections.internal.DriverManagerConnectionProviderImpl - HHH000115: Hibernate connection pool size: 10 (min=1)
2025-12-24 01:11:00.031 [main] INFO  org.hibernate.dialect.Dialect - HHH000400: Using dialect: org.hibernate.dialect.PostgreSQL10Dialect
2025-12-24 01:11:00.379 [main] INFO  org.hibernate.orm.connections.access - HHH10001501: Connection obtained from JdbcConnectionAccess [org.hibernate.engine.jdbc.env.internal.JdbcEnvironmentInitiator$ConnectionProviderJdbcConnectionAccess@4a8ffd75] for (non-JTA) DDL execution was not in auto-commit mode; the Connection 'local transaction' will be committed and the Connection will be set into auto-commit mode.
2025-12-24 01:11:00.396 [main] INFO  org.hibernate.engine.transaction.jta.platform.internal.JtaPlatformInitiator - HHH000490: Using JtaPlatform implementation: [org.hibernate.engine.transaction.jta.platform.internal.NoJtaPlatform]
2025-12-24 01:11:00.486 [main] INFO  com.aston.Main - ID: 1 | Имя: Станислав | Email: encoregranted@gmail.com | Возраст: 29
2025-12-24 01:12:35.358 [main] INFO  com.aston.Main - Запуск сервиса контроля пользователей приложения
2025-12-24 01:13:19.925 [main] INFO  org.hibernate.Version - HHH000412: Hibernate ORM core version 5.6.15.Final
2025-12-24 01:13:20.169 [main] INFO  org.hibernate.annotations.common.Version - HCANN000001: Hibernate Commons Annotations {5.1.2.Final}
2025-12-24 01:13:20.251 [main] WARN  org.hibernate.orm.connections.pooling - HHH10001002: Using Hibernate built-in connection pool (not for production use!)
2025-12-24 01:13:20.253 [main] INFO  org.hibernate.orm.connections.pooling - HHH10001005: using driver [org.postgresql.Driver] at URL [jdbc:postgresql://localhost:5432/projectdb]
2025-12-24 01:13:20.253 [main] INFO  org.hibernate.orm.connections.pooling - HHH10001001: Connection properties: {password=****, autocommit=false, user=postgres}
2025-12-24 01:13:20.253 [main] INFO  org.hibernate.orm.connections.pooling - HHH10001003: Autocommit mode: false
2025-12-24 01:13:20.255 [main] INFO  org.hibernate.engine.jdbc.connections.internal.DriverManagerConnectionProviderImpl - HHH000115: Hibernate connection pool size: 10 (min=1)
2025-12-24 01:13:20.372 [main] INFO  org.hibernate.dialect.Dialect - HHH000400: Using dialect: org.hibernate.dialect.PostgreSQL10Dialect
2025-12-24 01:13:20.719 [main] INFO  org.hibernate.orm.connections.access - HHH10001501: Connection obtained from JdbcConnectionAccess [org.hibernate.engine.jdbc.env.internal.JdbcEnvironmentInitiator$ConnectionProviderJdbcConnectionAccess@23da79eb] for (non-JTA) DDL execution was not in auto-commit mode; the Connection 'local transaction' will be committed and the Connection will be set into auto-commit mode.
2025-12-24 01:13:20.735 [main] INFO  org.hibernate.engine.transaction.jta.platform.internal.JtaPlatformInitiator - HHH000490: Using JtaPlatform implementation: [org.hibernate.engine.transaction.jta.platform.internal.NoJtaPlatform]
2025-12-24 01:13:20.828 [main] INFO  com.aston.Main - ID: 1 | Имя: Станислав | Email: encoregranted@gmail.com | Возраст: 29
2025-12-24 01:13:49.214 [main] INFO  com.aston.Main - Запуск сервиса контроля пользователей приложения
2025-12-24 01:13:50.458 [main] INFO  org.hibernate.Version - HHH000412: Hibernate ORM core version 5.6.15.Final
2025-12-24 01:13:50.697 [main] INFO  org.hibernate.annotations.common.Version - HCANN000001: Hibernate Commons Annotations {5.1.2.Final}
2025-12-24 01:13:50.775 [main] WARN  org.hibernate.orm.connections.pooling - HHH10001002: Using Hibernate built-in connection pool (not for production use!)
2025-12-24 01:13:50.778 [main] INFO  org.hibernate.orm.connections.pooling - HHH10001005: using driver [org.postgresql.Driver] at URL [jdbc:postgresql://localhost:5432/projectdb]
2025-12-24 01:13:50.778 [main] INFO  org.hibernate.orm.connections.pooling - HHH10001001: Connection properties: {password=****, autocommit=false, user=postgres}
2025-12-24 01:13:50.778 [main] INFO  org.hibernate.orm.connections.pooling - HHH10001003: Autocommit mode: false
2025-12-24 01:13:50.779 [main] INFO  org.hibernate.engine.jdbc.connections.internal.DriverManagerConnectionProviderImpl - HHH000115: Hibernate connection pool size: 10 (min=1)
2025-12-24 01:13:50.897 [main] INFO  org.hibernate.dialect.Dialect - HHH000400: Using dialect: org.hibernate.dialect.PostgreSQL10Dialect
2025-12-24 01:13:51.241 [main] INFO  org.hibernate.orm.connections.access - HHH10001501: Connection obtained from JdbcConnectionAccess [org.hibernate.engine.jdbc.env.internal.JdbcEnvironmentInitiator$ConnectionProviderJdbcConnectionAccess@23da79eb] for (non-JTA) DDL execution was not in auto-commit mode; the Connection 'local transaction' will be committed and the Connection will be set into auto-commit mode.
2025-12-24 01:13:51.258 [main] INFO  org.hibernate.engine.transaction.jta.platform.internal.JtaPlatformInitiator - HHH000490: Using JtaPlatform implementation: [org.hibernate.engine.transaction.jta.platform.internal.NoJtaPlatform]
2025-12-24 01:16:58.854 [main] INFO  com.aston.Main - Запуск сервиса контроля пользователей приложения
2025-12-24 01:17:00.303 [main] INFO  org.hibernate.Version - HHH000412: Hibernate ORM core version 5.6.15.Final
2025-12-24 01:17:00.549 [main] INFO  org.hibernate.annotations.common.Version - HCANN000001: Hibernate Commons Annotations {5.1.2.Final}
2025-12-24 01:17:00.631 [main] WARN  org.hibernate.orm.connections.pooling - HHH10001002: Using Hibernate built-in connection pool (not for production use!)
2025-12-24 01:17:00.633 [main] INFO  org.hibernate.orm.connections.pooling - HHH10001005: using driver [org.postgresql.Driver] at URL [jdbc:postgresql://localhost:5432/projectdb]
2025-12-24 01:17:00.633 [main] INFO  org.hibernate.orm.connections.pooling - HHH10001001: Connection properties: {password=****, autocommit=false, user=postgres}
2025-12-24 01:17:00.634 [main] INFO  org.hibernate.orm.connections.pooling - HHH10001003: Autocommit mode: false
2025-12-24 01:17:00.635 [main] INFO  org.hibernate.engine.jdbc.connections.internal.DriverManagerConnectionProviderImpl - HHH000115: Hibernate connection pool size: 10 (min=1)
2025-12-24 01:17:00.874 [main] INFO  org.hibernate.dialect.Dialect - HHH000400: Using dialect: org.hibernate.dialect.PostgreSQL10Dialect
2025-12-24 01:17:01.233 [main] INFO  org.hibernate.orm.connections.access - HHH10001501: Connection obtained from JdbcConnectionAccess [org.hibernate.engine.jdbc.env.internal.JdbcEnvironmentInitiator$ConnectionProviderJdbcConnectionAccess@23da79eb] for (non-JTA) DDL execution was not in auto-commit mode; the Connection 'local transaction' will be committed and the Connection will be set into auto-commit mode.
2025-12-24 01:17:01.248 [main] INFO  org.hibernate.engine.transaction.jta.platform.internal.JtaPlatformInitiator - HHH000490: Using JtaPlatform implementation: [org.hibernate.engine.transaction.jta.platform.internal.NoJtaPlatform]
2025-12-24 01:22:01.180 [main] INFO  com.aston.Main - Запуск сервиса контроля пользователей приложения
2025-12-24 01:22:03.650 [main] INFO  org.hibernate.Version - HHH000412: Hibernate ORM core version 5.6.15.Final
2025-12-24 01:22:03.915 [main] INFO  org.hibernate.annotations.common.Version - HCANN000001: Hibernate Commons Annotations {5.1.2.Final}
2025-12-24 01:22:04.006 [main] WARN  org.hibernate.orm.connections.pooling - HHH10001002: Using Hibernate built-in connection pool (not for production use!)
2025-12-24 01:22:04.008 [main] INFO  org.hibernate.orm.connections.pooling - HHH10001005: using driver [org.postgresql.Driver] at URL [jdbc:postgresql://localhost:5432/projectdb]
2025-12-24 01:22:04.008 [main] INFO  org.hibernate.orm.connections.pooling - HHH10001001: Connection properties: {password=****, autocommit=false, user=postgres}
2025-12-24 01:22:04.008 [main] INFO  org.hibernate.orm.connections.pooling - HHH10001003: Autocommit mode: false
2025-12-24 01:22:04.010 [main] INFO  org.hibernate.engine.jdbc.connections.internal.DriverManagerConnectionProviderImpl - HHH000115: Hibernate connection pool size: 10 (min=1)
2025-12-24 01:22:04.238 [main] INFO  org.hibernate.dialect.Dialect - HHH000400: Using dialect: org.hibernate.dialect.PostgreSQL10Dialect
2025-12-24 01:22:04.632 [main] INFO  org.hibernate.orm.connections.access - HHH10001501: Connection obtained from JdbcConnectionAccess [org.hibernate.engine.jdbc.env.internal.JdbcEnvironmentInitiator$ConnectionProviderJdbcConnectionAccess@9f674ac] for (non-JTA) DDL execution was not in auto-commit mode; the Connection 'local transaction' will be committed and the Connection will be set into auto-commit mode.
2025-12-24 01:22:04.654 [main] INFO  org.hibernate.engine.transaction.jta.platform.internal.JtaPlatformInitiator - HHH000490: Using JtaPlatform implementation: [org.hibernate.engine.transaction.jta.platform.internal.NoJtaPlatform]
2025-12-24 01:22:20.779 [main] INFO  com.aston.Main - Запуск сервиса контроля пользователей приложения
2025-12-24 01:22:21.615 [main] INFO  org.hibernate.Version - HHH000412: Hibernate ORM core version 5.6.15.Final
2025-12-24 01:22:21.865 [main] INFO  org.hibernate.annotations.common.Version - HCANN000001: Hibernate Commons Annotations {5.1.2.Final}
2025-12-24 01:22:21.948 [main] WARN  org.hibernate.orm.connections.pooling - HHH10001002: Using Hibernate built-in connection pool (not for production use!)
2025-12-24 01:22:21.950 [main] INFO  org.hibernate.orm.connections.pooling - HHH10001005: using driver [org.postgresql.Driver] at URL [jdbc:postgresql://localhost:5432/projectdb]
2025-12-24 01:22:21.950 [main] INFO  org.hibernate.orm.connections.pooling - HHH10001001: Connection properties: {password=****, autocommit=false, user=postgres}
2025-12-24 01:22:21.950 [main] INFO  org.hibernate.orm.connections.pooling - HHH10001003: Autocommit mode: false
2025-12-24 01:22:21.952 [main] INFO  org.hibernate.engine.jdbc.connections.internal.DriverManagerConnectionProviderImpl - HHH000115: Hibernate connection pool size: 10 (min=1)
2025-12-24 01:22:22.084 [main] INFO  org.hibernate.dialect.Dialect - HHH000400: Using dialect: org.hibernate.dialect.PostgreSQL10Dialect
2025-12-24 01:22:22.443 [main] INFO  org.hibernate.orm.connections.access - HHH10001501: Connection obtained from JdbcConnectionAccess [org.hibernate.engine.jdbc.env.internal.JdbcEnvironmentInitiator$ConnectionProviderJdbcConnectionAccess@9f674ac] for (non-JTA) DDL execution was not in auto-commit mode; the Connection 'local transaction' will be committed and the Connection will be set into auto-commit mode.
2025-12-24 01:22:22.458 [main] INFO  org.hibernate.engine.transaction.jta.platform.internal.JtaPlatformInitiator - HHH000490: Using JtaPlatform implementation: [org.hibernate.engine.transaction.jta.platform.internal.NoJtaPlatform]
2025-12-24 01:22:22.556 [main] INFO  com.aston.Main - ID: 1 | Имя: Станислав | Email: encoregranted@gmail.com | Возраст: 29
2025-12-24 01:23:45.029 [main] INFO  com.aston.Main - Запуск сервиса контроля пользователей приложения
2025-12-24 01:23:51.856 [main] INFO  org.hibernate.Version - HHH000412: Hibernate ORM core version 5.6.15.Final
2025-12-24 01:23:52.100 [main] INFO  org.hibernate.annotations.common.Version - HCANN000001: Hibernate Commons Annotations {5.1.2.Final}
2025-12-24 01:23:52.180 [main] WARN  org.hibernate.orm.connections.pooling - HHH10001002: Using Hibernate built-in connection pool (not for production use!)
2025-12-24 01:23:52.182 [main] INFO  org.hibernate.orm.connections.pooling - HHH10001005: using driver [org.postgresql.Driver] at URL [jdbc:postgresql://localhost:5432/projectdb]
2025-12-24 01:23:52.184 [main] INFO  org.hibernate.orm.connections.pooling - HHH10001001: Connection properties: {password=****, autocommit=false, user=postgres}
2025-12-24 01:23:52.184 [main] INFO  org.hibernate.orm.connections.pooling - HHH10001003: Autocommit mode: false
2025-12-24 01:23:52.186 [main] INFO  org.hibernate.engine.jdbc.connections.internal.DriverManagerConnectionProviderImpl - HHH000115: Hibernate connection pool size: 10 (min=1)
2025-12-24 01:23:52.303 [main] INFO  org.hibernate.dialect.Dialect - HHH000400: Using dialect: org.hibernate.dialect.PostgreSQL10Dialect
2025-12-24 01:23:52.646 [main] INFO  org.hibernate.orm.connections.access - HHH10001501: Connection obtained from JdbcConnectionAccess [org.hibernate.engine.jdbc.env.internal.JdbcEnvironmentInitiator$ConnectionProviderJdbcConnectionAccess@9f674ac] for (non-JTA) DDL execution was not in auto-commit mode; the Connection 'local transaction' will be committed and the Connection will be set into auto-commit mode.
2025-12-24 01:23:52.661 [main] INFO  org.hibernate.engine.transaction.jta.platform.internal.JtaPlatformInitiator - HHH000490: Using JtaPlatform implementation: [org.hibernate.engine.transaction.jta.platform.internal.NoJtaPlatform]
2025-12-24 01:23:52.749 [main] INFO  com.aston.Main - ID: 1 | Имя: Станислав | Email: encoregranted@gmail.com | Возраст: 29
2025-12-24 01:26:24.689 [main] INFO  com.aston.Main - Запуск сервиса контроля пользователей приложения
2025-12-24 01:26:27.811 [main] INFO  com.aston.service.UserService - Получение всех пользователей
2025-12-24 01:26:27.841 [main] INFO  org.hibernate.Version - HHH000412: Hibernate ORM core version 5.6.15.Final
2025-12-24 01:26:28.072 [main] INFO  org.hibernate.annotations.common.Version - HCANN000001: Hibernate Commons Annotations {5.1.2.Final}
2025-12-24 01:26:28.149 [main] WARN  org.hibernate.orm.connections.pooling - HHH10001002: Using Hibernate built-in connection pool (not for production use!)
2025-12-24 01:26:28.151 [main] INFO  org.hibernate.orm.connections.pooling - HHH10001005: using driver [org.postgresql.Driver] at URL [jdbc:postgresql://localhost:5432/projectdb]
2025-12-24 01:26:28.151 [main] INFO  org.hibernate.orm.connections.pooling - HHH10001001: Connection properties: {password=****, autocommit=false, user=postgres}
2025-12-24 01:26:28.151 [main] INFO  org.hibernate.orm.connections.pooling - HHH10001003: Autocommit mode: false
2025-12-24 01:26:28.153 [main] INFO  org.hibernate.engine.jdbc.connections.internal.DriverManagerConnectionProviderImpl - HHH000115: Hibernate connection pool size: 10 (min=1)
2025-12-24 01:26:28.386 [main] INFO  org.hibernate.dialect.Dialect - HHH000400: Using dialect: org.hibernate.dialect.PostgreSQL10Dialect
2025-12-24 01:26:28.714 [main] INFO  org.hibernate.orm.connections.access - HHH10001501: Connection obtained from JdbcConnectionAccess [org.hibernate.engine.jdbc.env.internal.JdbcEnvironmentInitiator$ConnectionProviderJdbcConnectionAccess@3e05586b] for (non-JTA) DDL execution was not in auto-commit mode; the Connection 'local transaction' will be committed and the Connection will be set into auto-commit mode.
2025-12-24 01:26:28.729 [main] INFO  org.hibernate.engine.transaction.jta.platform.internal.JtaPlatformInitiator - HHH000490: Using JtaPlatform implementation: [org.hibernate.engine.transaction.jta.platform.internal.NoJtaPlatform]
2025-12-24 01:26:28.811 [main] INFO  com.aston.Main - ID: 1 | Имя: Станислав | Email: encoregranted@gmail.com | Возраст: 29
2025-12-24 01:26:44.288 [main] INFO  com.aston.service.UserService - Создание нового пользователя: name=Олег, email=eqw@gmail.com, age=23
2025-12-24 01:34:17.985 [main] INFO  org.hibernate.Version - HHH000412: Hibernate ORM core version 5.6.15.Final
2025-12-24 01:34:18.224 [main] INFO  org.hibernate.annotations.common.Version - HCANN000001: Hibernate Commons Annotations {5.1.2.Final}
2025-12-24 01:34:18.301 [main] WARN  org.hibernate.orm.connections.pooling - HHH10001002: Using Hibernate built-in connection pool (not for production use!)
2025-12-24 01:34:18.303 [main] INFO  org.hibernate.orm.connections.pooling - HHH10001005: using driver [org.postgresql.Driver] at URL [jdbc:postgresql://localhost:5432/projectdb]
2025-12-24 01:34:18.303 [main] INFO  org.hibernate.orm.connections.pooling - HHH10001001: Connection properties: {password=****, autocommit=false, user=postgres}
2025-12-24 01:34:18.303 [main] INFO  org.hibernate.orm.connections.pooling - HHH10001003: Autocommit mode: false
2025-12-24 01:34:18.305 [main] INFO  org.hibernate.engine.jdbc.connections.internal.DriverManagerConnectionProviderImpl - HHH000115: Hibernate connection pool size: 10 (min=1)
2025-12-24 01:34:18.420 [main] INFO  org.hibernate.dialect.Dialect - HHH000400: Using dialect: org.hibernate.dialect.PostgreSQL10Dialect
2025-12-24 01:34:18.747 [main] INFO  org.hibernate.orm.connections.access - HHH10001501: Connection obtained from JdbcConnectionAccess [org.hibernate.engine.jdbc.env.internal.JdbcEnvironmentInitiator$ConnectionProviderJdbcConnectionAccess@3e05586b] for (non-JTA) DDL execution was not in auto-commit mode; the Connection 'local transaction' will be committed and the Connection will be set into auto-commit mode.
2025-12-24 01:34:18.764 [main] INFO  org.hibernate.engine.transaction.jta.platform.internal.JtaPlatformInitiator - HHH000490: Using JtaPlatform implementation: [org.hibernate.engine.transaction.jta.platform.internal.NoJtaPlatform]
2025-12-24 01:34:18.770 [main] INFO  org.hibernate.orm.connections.pooling - HHH10001008: Cleaning up connection pool [jdbc:postgresql://localhost:5432/projectdb]
2025-12-24 01:38:16.715 [main] INFO  com.aston.service.UserService - Создание нового пользователя: name=Олег, email=mongol@ghma.vcom, age=null
2025-12-24 01:38:16.745 [main] INFO  org.hibernate.Version - HHH000412: Hibernate ORM core version 5.6.15.Final
2025-12-24 01:38:16.981 [main] INFO  org.hibernate.annotations.common.Version - HCANN000001: Hibernate Commons Annotations {5.1.2.Final}
2025-12-24 01:38:17.053 [main] WARN  org.hibernate.orm.connections.pooling - HHH10001002: Using Hibernate built-in connection pool (not for production use!)
2025-12-24 01:38:17.056 [main] INFO  org.hibernate.orm.connections.pooling - HHH10001005: using driver [org.postgresql.Driver] at URL [jdbc:postgresql://localhost:5432/projectdb]
2025-12-24 01:38:17.056 [main] INFO  org.hibernate.orm.connections.pooling - HHH10001001: Connection properties: {password=****, autocommit=false, user=postgres}
2025-12-24 01:38:17.056 [main] INFO  org.hibernate.orm.connections.pooling - HHH10001003: Autocommit mode: false
2025-12-24 01:38:17.059 [main] INFO  org.hibernate.engine.jdbc.connections.internal.DriverManagerConnectionProviderImpl - HHH000115: Hibernate connection pool size: 10 (min=1)
2025-12-24 01:38:17.186 [main] INFO  org.hibernate.dialect.Dialect - HHH000400: Using dialect: org.hibernate.dialect.PostgreSQL10Dialect
2025-12-24 01:38:17.513 [main] INFO  org.hibernate.orm.connections.access - HHH10001501: Connection obtained from JdbcConnectionAccess [org.hibernate.engine.jdbc.env.internal.JdbcEnvironmentInitiator$ConnectionProviderJdbcConnectionAccess@ebda593] for (non-JTA) DDL execution was not in auto-commit mode; the Connection 'local transaction' will be committed and the Connection will be set into auto-commit mode.
2025-12-24 01:38:17.527 [main] INFO  org.hibernate.engine.transaction.jta.platform.internal.JtaPlatformInitiator - HHH000490: Using JtaPlatform implementation: [org.hibernate.engine.transaction.jta.platform.internal.NoJtaPlatform]
2025-12-24 01:38:31.547 [main] INFO  com.aston.service.UserService - Получение всех пользователей
2025-12-24 01:38:45.300 [main] INFO  com.aston.service.UserService - Удаление пользователя с ID: 3
2025-12-24 01:38:49.694 [main] INFO  com.aston.service.UserService - Получение всех пользователей
2025-12-24 01:41:22.543 [main] INFO  com.aston.service.UserService - Получение пользователя по ID: 1
2025-12-24 01:41:22.573 [main] INFO  org.hibernate.Version - HHH000412: Hibernate ORM core version 5.6.15.Final
2025-12-24 01:41:22.811 [main] INFO  org.hibernate.annotations.common.Version - HCANN000001: Hibernate Commons Annotations {5.1.2.Final}
2025-12-24 01:41:22.887 [main] WARN  org.hibernate.orm.connections.pooling - HHH10001002: Using Hibernate built-in connection pool (not for production use!)
2025-12-24 01:41:22.889 [main] INFO  org.hibernate.orm.connections.pooling - HHH10001005: using driver [org.postgresql.Driver] at URL [jdbc:postgresql://localhost:5432/projectdb]
2025-12-24 01:41:22.889 [main] INFO  org.hibernate.orm.connections.pooling - HHH10001001: Connection properties: {password=****, autocommit=false, user=postgres}
2025-12-24 01:41:22.889 [main] INFO  org.hibernate.orm.connections.pooling - HHH10001003: Autocommit mode: false
2025-12-24 01:41:22.891 [main] INFO  org.hibernate.engine.jdbc.connections.internal.DriverManagerConnectionProviderImpl - HHH000115: Hibernate connection pool size: 10 (min=1)
2025-12-24 01:41:23.011 [main] INFO  org.hibernate.dialect.Dialect - HHH000400: Using dialect: org.hibernate.dialect.PostgreSQL10Dialect
2025-12-24 01:41:23.340 [main] INFO  org.hibernate.orm.connections.access - HHH10001501: Connection obtained from JdbcConnectionAccess [org.hibernate.engine.jdbc.env.internal.JdbcEnvironmentInitiator$ConnectionProviderJdbcConnectionAccess@ebda593] for (non-JTA) DDL execution was not in auto-commit mode; the Connection 'local transaction' will be committed and the Connection will be set into auto-commit mode.
2025-12-24 01:41:23.354 [main] INFO  org.hibernate.engine.transaction.jta.platform.internal.JtaPlatformInitiator - HHH000490: Using JtaPlatform implementation: [org.hibernate.engine.transaction.jta.platform.internal.NoJtaPlatform]
2025-12-24 01:41:56.450 [main] INFO  com.aston.service.UserService - Получение пользователя по ID: 1
2025-12-24 01:41:56.481 [main] INFO  org.hibernate.Version - HHH000412: Hibernate ORM core version 5.6.15.Final
2025-12-24 01:41:56.719 [main] INFO  org.hibernate.annotations.common.Version - HCANN000001: Hibernate Commons Annotations {5.1.2.Final}
2025-12-24 01:41:56.790 [main] WARN  org.hibernate.orm.connections.pooling - HHH10001002: Using Hibernate built-in connection pool (not for production use!)
2025-12-24 01:41:56.792 [main] INFO  org.hibernate.orm.connections.pooling - HHH10001005: using driver [org.postgresql.Driver] at URL [jdbc:postgresql://localhost:5432/projectdb]
2025-12-24 01:41:56.792 [main] INFO  org.hibernate.orm.connections.pooling - HHH10001001: Connection properties: {password=****, autocommit=false, user=postgres}
2025-12-24 01:41:56.792 [main] INFO  org.hibernate.orm.connections.pooling - HHH10001003: Autocommit mode: false
2025-12-24 01:41:56.794 [main] INFO  org.hibernate.engine.jdbc.connections.internal.DriverManagerConnectionProviderImpl - HHH000115: Hibernate connection pool size: 10 (min=1)
2025-12-24 01:41:57.029 [main] INFO  org.hibernate.dialect.Dialect - HHH000400: Using dialect: org.hibernate.dialect.PostgreSQL10Dialect
2025-12-24 01:41:57.359 [main] INFO  org.hibernate.orm.connections.access - HHH10001501: Connection obtained from JdbcConnectionAccess [org.hibernate.engine.jdbc.env.internal.JdbcEnvironmentInitiator$ConnectionProviderJdbcConnectionAccess@485caa8f] for (non-JTA) DDL execution was not in auto-commit mode; the Connection 'local transaction' will be committed and the Connection will be set into auto-commit mode.
2025-12-24 01:41:57.374 [main] INFO  org.hibernate.engine.transaction.jta.platform.internal.JtaPlatformInitiator - HHH000490: Using JtaPlatform implementation: [org.hibernate.engine.transaction.jta.platform.internal.NoJtaPlatform]
2025-12-24 01:43:17.143 [main] INFO  com.aston.service.UserService - Поиск пользователей по имени: Олег
2025-12-24 01:43:34.034 [main] INFO  com.aston.service.UserService - Создание нового пользователя: name=Олег, email=mongol@gmail.com, age=23
2025-12-24 01:43:44.466 [main] INFO  com.aston.service.UserService - Поиск пользователей по имени: Олег
2025-12-24 01:45:08.276 [main] INFO  com.aston.service.UserService - Получение всех пользователей
2025-12-24 01:48:56.190 [main] INFO  com.aston.service.UserService - Создание нового пользователя: name=Олег, email=mongol@gmail.com, age=23
2025-12-24 01:48:56.221 [main] INFO  org.hibernate.Version - HHH000412: Hibernate ORM core version 5.6.15.Final
2025-12-24 01:48:56.457 [main] INFO  org.hibernate.annotations.common.Version - HCANN000001: Hibernate Commons Annotations {5.1.2.Final}
2025-12-24 01:48:56.526 [main] WARN  org.hibernate.orm.connections.pooling - HHH10001002: Using Hibernate built-in connection pool (not for production use!)
2025-12-24 01:48:56.528 [main] INFO  org.hibernate.orm.connections.pooling - HHH10001005: using driver [org.postgresql.Driver] at URL [jdbc:postgresql://localhost:5432/projectdb]
2025-12-24 01:48:56.528 [main] INFO  org.hibernate.orm.connections.pooling - HHH10001001: Connection properties: {password=****, autocommit=false, user=postgres}
2025-12-24 01:48:56.528 [main] INFO  org.hibernate.orm.connections.pooling - HHH10001003: Autocommit mode: false
2025-12-24 01:48:56.529 [main] INFO  org.hibernate.engine.jdbc.connections.internal.DriverManagerConnectionProviderImpl - HHH000115: Hibernate connection pool size: 10 (min=1)
2025-12-24 01:48:56.751 [main] INFO  org.hibernate.dialect.Dialect - HHH000400: Using dialect: org.hibernate.dialect.PostgreSQL10Dialect
2025-12-24 01:48:57.084 [main] INFO  org.hibernate.orm.connections.access - HHH10001501: Connection obtained from JdbcConnectionAccess [org.hibernate.engine.jdbc.env.internal.JdbcEnvironmentInitiator$ConnectionProviderJdbcConnectionAccess@ebda593] for (non-JTA) DDL execution was not in auto-commit mode; the Connection 'local transaction' will be committed and the Connection will be set into auto-commit mode.
2025-12-24 01:48:57.099 [main] INFO  org.hibernate.engine.transaction.jta.platform.internal.JtaPlatformInitiator - HHH000490: Using JtaPlatform implementation: [org.hibernate.engine.transaction.jta.platform.internal.NoJtaPlatform]
2025-12-24 01:50:47.745 [main] INFO  com.aston.service.UserService - Получение всех пользователей
2025-12-24 01:50:47.773 [main] INFO  org.hibernate.Version - HHH000412: Hibernate ORM core version 5.6.15.Final
2025-12-24 01:50:48.010 [main] INFO  org.hibernate.annotations.common.Version - HCANN000001: Hibernate Commons Annotations {5.1.2.Final}
2025-12-24 01:50:48.086 [main] WARN  org.hibernate.orm.connections.pooling - HHH10001002: Using Hibernate built-in connection pool (not for production use!)
2025-12-24 01:50:48.088 [main] INFO  org.hibernate.orm.connections.pooling - HHH10001005: using driver [org.postgresql.Driver] at URL [jdbc:postgresql://localhost:5432/projectdb]
2025-12-24 01:50:48.088 [main] INFO  org.hibernate.orm.connections.pooling - HHH10001001: Connection properties: {password=****, autocommit=false, user=postgres}
2025-12-24 01:50:48.088 [main] INFO  org.hibernate.orm.connections.pooling - HHH10001003: Autocommit mode: false
2025-12-24 01:50:48.090 [main] INFO  org.hibernate.engine.jdbc.connections.internal.DriverManagerConnectionProviderImpl - HHH000115: Hibernate connection pool size: 10 (min=1)
2025-12-24 01:50:48.214 [main] INFO  org.hibernate.dialect.Dialect - HHH000400: Using dialect: org.hibernate.dialect.PostgreSQL10Dialect
2025-12-24 01:50:48.554 [main] INFO  org.hibernate.orm.connections.access - HHH10001501: Connection obtained from JdbcConnectionAccess [org.hibernate.engine.jdbc.env.internal.JdbcEnvironmentInitiator$ConnectionProviderJdbcConnectionAccess@3e05586b] for (non-JTA) DDL execution was not in auto-commit mode; the Connection 'local transaction' will be committed and the Connection will be set into auto-commit mode.
2025-12-24 01:50:48.568 [main] INFO  org.hibernate.engine.transaction.jta.platform.internal.JtaPlatformInitiator - HHH000490: Using JtaPlatform implementation: [org.hibernate.engine.transaction.jta.platform.internal.NoJtaPlatform]
2025-12-24 01:51:23.677 [main] INFO  com.aston.service.UserService - Обновление пользователя с ID 4: name=Арсен, email=encoregranted@gmail.com, age=45
2025-12-24 01:51:28.309 [main] INFO  com.aston.service.UserService - Получение всех пользователей
2025-12-24 02:00:05.788 [main] INFO  com.aston.service.UserService - Получение всех пользователей
2025-12-24 02:00:05.817 [main] INFO  org.hibernate.Version - HHH000412: Hibernate ORM core version 5.6.15.Final
2025-12-24 02:00:06.045 [main] INFO  org.hibernate.annotations.common.Version - HCANN000001: Hibernate Commons Annotations {5.1.2.Final}
2025-12-24 02:00:06.121 [main] WARN  org.hibernate.orm.connections.pooling - HHH10001002: Using Hibernate built-in connection pool (not for production use!)
2025-12-24 02:00:06.124 [main] INFO  org.hibernate.orm.connections.pooling - HHH10001005: using driver [org.postgresql.Driver] at URL [jdbc:postgresql://localhost:5432/projectdb]
2025-12-24 02:00:06.124 [main] INFO  org.hibernate.orm.connections.pooling - HHH10001001: Connection properties: {password=****, autocommit=false, user=postgres}
2025-12-24 02:00:06.124 [main] INFO  org.hibernate.orm.connections.pooling - HHH10001003: Autocommit mode: false
2025-12-24 02:00:06.125 [main] INFO  org.hibernate.engine.jdbc.connections.internal.DriverManagerConnectionProviderImpl - HHH000115: Hibernate connection pool size: 10 (min=1)
2025-12-24 02:00:06.242 [main] INFO  org.hibernate.dialect.Dialect - HHH000400: Using dialect: org.hibernate.dialect.PostgreSQL10Dialect
2025-12-24 02:00:06.574 [main] INFO  org.hibernate.orm.connections.access - HHH10001501: Connection obtained from JdbcConnectionAccess [org.hibernate.engine.jdbc.env.internal.JdbcEnvironmentInitiator$ConnectionProviderJdbcConnectionAccess@3e05586b] for (non-JTA) DDL execution was not in auto-commit mode; the Connection 'local transaction' will be committed and the Connection will be set into auto-commit mode.
2025-12-24 02:00:06.589 [main] INFO  org.hibernate.engine.transaction.jta.platform.internal.JtaPlatformInitiator - HHH000490: Using JtaPlatform implementation: [org.hibernate.engine.transaction.jta.platform.internal.NoJtaPlatform]
2025-12-24 02:02:00.221 [main] INFO  com.aston.service.UserService - Получение всех пользователей
2025-12-24 02:06:17.676 [main] INFO  com.aston.service.UserService - Получение всех пользователей
2025-12-24 02:06:17.707 [main] INFO  org.hibernate.Version - HHH000412: Hibernate ORM core version 5.6.15.Final
2025-12-24 02:06:17.943 [main] INFO  org.hibernate.annotations.common.Version - HCANN000001: Hibernate Commons Annotations {5.1.2.Final}
2025-12-24 02:06:18.016 [main] WARN  org.hibernate.orm.connections.pooling - HHH10001002: Using Hibernate built-in connection pool (not for production use!)
2025-12-24 02:06:18.018 [main] INFO  org.hibernate.orm.connections.pooling - HHH10001005: using driver [org.postgresql.Driver] at URL [jdbc:postgresql://localhost:5432/projectdb]
2025-12-24 02:06:18.018 [main] INFO  org.hibernate.orm.connections.pooling - HHH10001001: Connection properties: {password=****, autocommit=false, user=postgres}
2025-12-24 02:06:18.018 [main] INFO  org.hibernate.orm.connections.pooling - HHH10001003: Autocommit mode: false
2025-12-24 02:06:18.019 [main] INFO  org.hibernate.engine.jdbc.connections.internal.DriverManagerConnectionProviderImpl - HHH000115: Hibernate connection pool size: 10 (min=1)
2025-12-24 02:06:18.134 [main] INFO  org.hibernate.dialect.Dialect - HHH000400: Using dialect: org.hibernate.dialect.PostgreSQL10Dialect
2025-12-24 02:06:18.468 [main] INFO  org.hibernate.orm.connections.access - HHH10001501: Connection obtained from JdbcConnectionAccess [org.hibernate.engine.jdbc.env.internal.JdbcEnvironmentInitiator$ConnectionProviderJdbcConnectionAccess@3e05586b] for (non-JTA) DDL execution was not in auto-commit mode; the Connection 'local transaction' will be committed and the Connection will be set into auto-commit mode.
2025-12-24 02:06:18.487 [main] INFO  org.hibernate.engine.transaction.jta.platform.internal.JtaPlatformInitiator - HHH000490: Using JtaPlatform implementation: [org.hibernate.engine.transaction.jta.platform.internal.NoJtaPlatform]
